2020-12-03 10:35:41-log: [Package] menu@1.0.0 enable
2020-12-03 10:35:41-log: [Package] profile@1.0.0 enable
2020-12-03 10:35:41-log: [Package] messages@1.0.0 enable
2020-12-03 10:35:42-log: [Package] program@1.0.0 enable
2020-12-03 10:35:42-log: [Package] device@1.0.1 enable
2020-12-03 10:35:42-log: [Package] ui-kit@1.0.0 enable
2020-12-03 10:35:42-log: [Package] tester@1.0.0 enable
2020-12-03 10:35:42-log: [Package] preferences@1.0.0 enable
2020-12-03 10:35:47-log: [Package] engine@1.0.1 enable
2020-12-03 10:35:47-log: [Package] asset-db@1.0.0 enable
2020-12-03 10:35:47-log: [Package] programming@1.0.0 enable
2020-12-03 10:35:47-log: [Package] console@1.0.0 enable
2020-12-03 10:35:47-log: [Package] scene@1.0.0 enable
2020-12-03 10:35:47-log: [Package] packager@1.0.0 enable
2020-12-03 10:35:47-log: [Package] project@1.0.1 enable
2020-12-03 10:35:47-log: [Package] about@1.0.0 enable
2020-12-03 10:35:48-log: [Package] server@1.0.0 enable
2020-12-03 10:35:48-warn: Port 7456 is occupied
2020-12-03 10:35:48-log: [Package] utils@1.0.0 enable
2020-12-03 10:35:48-log: [Package] assets@1.0.0 enable
2020-12-03 10:35:48-log: [Package] inspector@1.0.0 enable
2020-12-03 10:35:48-log: [Package] hierarchy@1.0.0 enable
2020-12-03 10:35:48-log: [Package] preview@1.0.0 enable
2020-12-03 10:35:48-log: [Package] animator@1.0.0 enable
