2020/12/2 19:11-debug:"Start build task, options:"{"buildPath":"./build","compressTexture":true,"debug":false,"experimentalEraseModules":false,"gfx":false,"md5Cache":true,"mergeStartScene":true,"name":"8BallDemo","outputName":"web-mobile","packAutoAtlas":true,"packages":{"web-mobile":{"orientation":"landscape","polyfills":{"asyncFunctions":true}}},"platform":"web-mobile","replaceSplashScreen":false,"scenes":[{"url":"db://assets/Scenes/GameScene.scene","uuid":"79af5f1a-c1d8-4a48-9978-91642be5c24c"},{"url":"db://assets/Scenes/MainScene.scene","uuid":"b66be672-e6f5-4cf2-870e-586535bec1bd"}],"sourceMaps":false,"startScene":"b66be672-e6f5-4cf2-870e-586535bec1bd"}
2020/12/2 19:11-debug:"Query all assets info in project..."
2020/12/2 19:11-debug:"BuildAssetLibrary initialized with asset 795!"
2020/12/2 19:11-debug:"  Number of all scenes: 2"
2020/12/2 19:11-debug:"  Number of all scripts: 45"
2020/12/2 19:11-debug:"  Number of other assets: 748"
2020/12/2 19:11-debug:"// ---- web-mobile:(onAfterInit) ----"
2020/12/2 19:11-debug:"// ---- web-mobile:(onAfterInit) success ----"
2020/12/2 19:11-log:"// ---- 加载刷新项目脚本 ----"
2020/12/2 19:11-debug:"reload all scripts."
2020/12/2 19:11-debug:"Load module registry for project:///assets/Scripts/Common/LoadAnimation.js at /Users/mac/Desktop/Projects/git/CocosGames/8BallDemo/library/e2/e22a9b5d-3f4a-4cd4-83c6-a6a76895d2ba.js"
2020/12/2 19:11-debug:"Load module registry for project:///assets/Scripts/Common/ServerCommon.js at /Users/mac/Desktop/Projects/git/CocosGames/8BallDemo/library/21/21610e3e-e4b9-4ec2-b3e1-6a639cd5a5ee.js"
2020/12/2 19:11-debug:"Load module registry for project:///assets/Scripts/Common/Silence.js at /Users/mac/Desktop/Projects/git/CocosGames/8BallDemo/library/d6/d604cff8-9ca2-432c-9516-35ddac31f0d9.js"
2020/12/2 19:11-debug:"Load module registry for project:///assets/Scripts/Common/SourceManager.js at /Users/mac/Desktop/Projects/git/CocosGames/8BallDemo/library/77/77927a71-1902-422e-aada-6d3765695c26.js"
2020/12/2 19:11-debug:"Load module registry for project:///assets/Scripts/Common/UIAnimation.js at /Users/mac/Desktop/Projects/git/CocosGames/8BallDemo/library/26/26940095-0649-4d3b-815d-d69157704b7a.js"
2020/12/2 19:11-debug:"Load module registry for project:///assets/Scripts/Common/noSleep.js at /Users/mac/Desktop/Projects/git/CocosGames/8BallDemo/library/a5/a5e0c505-ef1b-4fac-a1ce-03165a34584c.js"
2020/12/2 19:11-debug:"Load module registry for project:///assets/Scripts/Game/Algorithm/MathAlgorithm.js at /Users/mac/Desktop/Projects/git/CocosGames/8BallDemo/library/63/6399fcdf-deec-43b3-813a-eac518f9f50c.js"
2020/12/2 19:11-debug:"Load module registry for project:///assets/Scripts/Game/GameCommon/Ball/Ball.js at /Users/mac/Desktop/Projects/git/CocosGames/8BallDemo/library/20/2034c7db-4c00-4727-b6dc-bd7adeb41332.js"
2020/12/2 19:11-debug:"Load module registry for project:///assets/Scripts/Game/GameCommon/Ball/BallManager.js at /Users/mac/Desktop/Projects/git/CocosGames/8BallDemo/library/dd/dd40f053-752c-4f3a-8a79-609c263c1cea.js"
2020/12/2 19:11-debug:"Load module registry for project:///assets/Scripts/Game/GameCommon/Ball/BallPhysics.js at /Users/mac/Desktop/Projects/git/CocosGames/8BallDemo/library/83/83636974-5a6d-4d55-bf36-d71cd65279e9.js"
2020/12/2 19:11-debug:"Load module registry for project:///assets/Scripts/Game/GameCommon/Ball/BallType.js at /Users/mac/Desktop/Projects/git/CocosGames/8BallDemo/library/1d/1d7656b1-e12f-430b-a74b-1349ef2c18e8.js"
2020/12/2 19:11-debug:"Load module registry for project:///assets/Scripts/Game/GameCommon/Ball/BlackBall.js at /Users/mac/Desktop/Projects/git/CocosGames/8BallDemo/library/78/78fcbe9f-47f5-4db8-9de2-941672f1a7b1.js"
2020/12/2 19:11-debug:"Load module registry for project:///assets/Scripts/Game/GameCommon/Ball/CreateBall.js at /Users/mac/Desktop/Projects/git/CocosGames/8BallDemo/library/c0/c0b6c862-7abd-4ccd-98f6-3a14516f2e71.js"
2020/12/2 19:11-debug:"Load module registry for project:///assets/Scripts/Game/GameCommon/Ball/FollowWhiteBall.js at /Users/mac/Desktop/Projects/git/CocosGames/8BallDemo/library/5e/5e08bd63-0b76-4a3a-926d-00c78fb4f294.js"
2020/12/2 19:11-debug:"Load module registry for project:///assets/Scripts/Game/GameCommon/Ball/HoleAnimation.js at /Users/mac/Desktop/Projects/git/CocosGames/8BallDemo/library/dc/dcba81bd-c07a-4378-8f97-37e35a542fff.js"
2020/12/2 19:11-debug:"Load module registry for project:///assets/Scripts/Game/GameCommon/Ball/MyLine.js at /Users/mac/Desktop/Projects/git/CocosGames/8BallDemo/library/85/854df7e8-d889-4b86-8602-5edb13bbb075.js"
2020/12/2 19:11-debug:"Load module registry for project:///assets/Scripts/Game/GameCommon/Ball/OrdinaryBall.js at /Users/mac/Desktop/Projects/git/CocosGames/8BallDemo/library/07/07593e12-ef01-4a3d-bef7-0139282004cb.js"
2020/12/2 19:11-debug:"Load module registry for project:///assets/Scripts/Game/GameCommon/Ball/RackManager.js at /Users/mac/Desktop/Projects/git/CocosGames/8BallDemo/library/08/080567b9-1e7a-4c0f-a8f6-1e96b5b7f88e.js"
2020/12/2 19:11-debug:"Load module registry for project:///assets/Scripts/Game/GameCommon/Ball/WhiteBall.js at /Users/mac/Desktop/Projects/git/CocosGames/8BallDemo/library/84/84c5ae2f-3c1d-4d26-ab3c-2b7f9abe84a4.js"
2020/12/2 19:11-debug:"Load module registry for project:///assets/Scripts/Game/GameCommon/GameSceneManager.js at /Users/mac/Desktop/Projects/git/CocosGames/8BallDemo/library/ad/ad1cbc52-221f-435a-8916-636b08d0c430.js"
2020/12/2 19:11-debug:"Load module registry for project:///assets/Scripts/Game/GameCommon/Player.js at /Users/mac/Desktop/Projects/git/CocosGames/8BallDemo/library/79/795cf59c-322a-46cd-a56d-d11465541dc7.js"
2020/12/2 19:11-debug:"Load module registry for project:///assets/Scripts/Game/GameCommon/RobotController.js at /Users/mac/Desktop/Projects/git/CocosGames/8BallDemo/library/36/368ce2a0-9ea8-4213-8232-1e560c6a790b.js"
2020/12/2 19:11-debug:"Load module registry for project:///assets/Scripts/Game/GameCommon/RoundType.js at /Users/mac/Desktop/Projects/git/CocosGames/8BallDemo/library/57/57e361c3-2aa3-462b-a73e-70d40c12b76a.js"
2020/12/2 19:11-debug:"Load module registry for project:///assets/Scripts/Game/GameCommon/TipTextInGame.js at /Users/mac/Desktop/Projects/git/CocosGames/8BallDemo/library/36/36dfe649-28af-4625-94e7-77f72fa66540.js"
2020/12/2 19:11-debug:"Load module registry for project:///assets/Scripts/Game/GameCommon/UI/ExitBtn.js at /Users/mac/Desktop/Projects/git/CocosGames/8BallDemo/library/cb/cb38c369-88ab-49a7-a01c-1e4543d35ccf.js"
2020/12/2 19:11-debug:"Load module registry for project:///assets/Scripts/Game/GameCommon/UI/GameSceneUI.js at /Users/mac/Desktop/Projects/git/CocosGames/8BallDemo/library/ca/ca228b93-333d-4647-8128-7ddbc1179ef2.js"
2020/12/2 19:11-debug:"Load module registry for project:///assets/Scripts/Game/GameCommon/UI/MainSceneUI.js at /Users/mac/Desktop/Projects/git/CocosGames/8BallDemo/library/c4/c48629d5-0d47-4347-a009-846193a3c700.js"
2020/12/2 19:11-debug:"Load module registry for project:///assets/Scripts/Game/GameCommon/UI/PlayerController.js at /Users/mac/Desktop/Projects/git/CocosGames/8BallDemo/library/70/70801107-f46e-40ce-9602-4f31fc19dbad.js"
2020/12/2 19:11-debug:"Load module registry for project:///assets/Scripts/Game/GameData.js at /Users/mac/Desktop/Projects/git/CocosGames/8BallDemo/library/f9/f911e193-cf85-4d6f-a31a-9f90043da463.js"
2020/12/2 19:11-debug:"Load module registry for project:///assets/Scripts/Game/Popup/LosePopup.js at /Users/mac/Desktop/Projects/git/CocosGames/8BallDemo/library/2e/2e9d0d17-6b1a-48ac-a344-6aa4f280ab2c.js"
2020/12/2 19:11-debug:"Load module registry for project:///assets/Scripts/Game/Popup/MatchingPopup.js at /Users/mac/Desktop/Projects/git/CocosGames/8BallDemo/library/45/450e907f-644b-46e5-ac66-6f004ad2d108.js"
2020/12/2 19:11-debug:"Load module registry for project:///assets/Scripts/Game/Popup/Popup.js at /Users/mac/Desktop/Projects/git/CocosGames/8BallDemo/library/dc/dcb0299f-0576-46a1-8bcb-68d01a3bfeeb.js"
2020/12/2 19:11-debug:"Load module registry for project:///assets/Scripts/Game/Popup/PopupManager.js at /Users/mac/Desktop/Projects/git/CocosGames/8BallDemo/library/00/008d8c6a-1b3b-4ebb-a3f6-e636586f49f9.js"
2020/12/2 19:11-debug:"Load module registry for project:///assets/Scripts/Game/Popup/SettlementPopup.js at /Users/mac/Desktop/Projects/git/CocosGames/8BallDemo/library/a4/a42d907b-c569-4ba7-8884-86484a0c1548.js"
2020/12/2 19:11-debug:"Load module registry for project:///assets/Scripts/Game/Popup/TipPopup.js at /Users/mac/Desktop/Projects/git/CocosGames/8BallDemo/library/64/6409141f-8552-459b-ab30-3351759f14e4.js"
2020/12/2 19:11-debug:"Load module registry for project:///assets/Scripts/Game/Popup/WinPopup.js at /Users/mac/Desktop/Projects/git/CocosGames/8BallDemo/library/72/72aff892-644e-41c4-9d5a-5fb45569b84b.js"
2020/12/2 19:11-debug:"Load module registry for project:///assets/Scripts/Game/Test.js at /Users/mac/Desktop/Projects/git/CocosGames/8BallDemo/library/17/177a8c35-805c-4c27-a47e-576b5e6866d6.js"
2020/12/2 19:11-debug:"Load module registry for project:///assets/Scripts/Utils/GlobalGameData.js at /Users/mac/Desktop/Projects/git/CocosGames/8BallDemo/library/e9/e95ab23b-5431-4832-b13a-43419d90b45a.js"
2020/12/2 19:11-debug:"Load module registry for project:///assets/Scripts/Utils/MKEventDispatch.js at /Users/mac/Desktop/Projects/git/CocosGames/8BallDemo/library/dd/dd140b19-8bc5-4a81-b0a1-b879ac657949.js"
2020/12/2 19:11-debug:"Load module registry for project:///assets/Scripts/Utils/MKMessageManager.js at /Users/mac/Desktop/Projects/git/CocosGames/8BallDemo/library/d4/d42bbaf4-90c9-47a3-97c3-d2c0c4cb90ef.js"
2020/12/2 19:11-debug:"Load module registry for project:///assets/Scripts/Utils/MKMessageType.js at /Users/mac/Desktop/Projects/git/CocosGames/8BallDemo/library/bd/bd6844c9-7dde-43e7-9246-a58e603e74b6.js"
2020/12/2 19:11-debug:"Load module registry for project:///assets/Scripts/Utils/MKResourcesManager.js at /Users/mac/Desktop/Projects/git/CocosGames/8BallDemo/library/17/175e14f7-78c6-4f60-b048-ebb88c242197.js"
2020/12/2 19:11-debug:"Load module registry for project:///assets/Scripts/Utils/MKSound.js at /Users/mac/Desktop/Projects/git/CocosGames/8BallDemo/library/a1/a14fc331-fce6-4e5f-8556-def1c887e083.js"
2020/12/2 19:11-debug:"Load module registry for project:///assets/Scripts/Utils/NDBTS.js at /Users/mac/Desktop/Projects/git/CocosGames/8BallDemo/library/7f/7fe64c05-fc34-42d5-8531-116ff7538b94.js"
2020/12/2 19:11-debug:"Load module registry for project:///assets/Scripts/Utils/stopPropagation.js at /Users/mac/Desktop/Projects/git/CocosGames/8BallDemo/library/4e/4e493ae2-f2b9-4109-a87c-db383b8c3312.js"
2020/12/2 19:11-debug:"[[Executor]] Importing \"project:///assets/Scripts/Common/LoadAnimation.js\"..."
2020/12/2 19:11-debug:"[[Executor]] Module \"cc\" loaded."
2020/12/2 19:11-debug:"[[Executor]] Module \"code-quality:cr\" loaded."
2020/12/2 19:11-debug:"[[Executor]] Module \"project:///assets/Scripts/Common/noSleep.js\" loaded."
2020/12/2 19:11-debug:"[[Executor]] Module \"project:///assets/Scripts/Utils/MKEventDispatch.js\" loaded."
2020/12/2 19:11-debug:"[[Executor]] Module \"project:///assets/Scripts/Utils/GlobalGameData.js\" loaded."
2020/12/2 19:11-debug:"[[Executor]] Module \"project:///assets/Scripts/Utils/MKMessageManager.js\" loaded."
2020/12/2 19:11-debug:"[[Executor]] Module \"project:///assets/Scripts/Utils/MKSound.js\" loaded."
2020/12/2 19:11-log:"now is in webview"
2020/12/2 19:11-debug:"[[Executor]] Module \"project:///assets/Scripts/Utils/NDBTS.js\" loaded."
2020/12/2 19:11-debug:"[[Executor]] Register GameData"
2020/12/2 19:11-debug:"[[Executor]] Module \"project:///assets/Scripts/Game/GameData.js\" loaded."
2020/12/2 19:11-debug:"[[Executor]] Register Popup"
2020/12/2 19:11-debug:"[[Executor]] Module \"project:///assets/Scripts/Game/Popup/Popup.js\" loaded."
2020/12/2 19:11-debug:"[[Executor]] Register PopupManager"
2020/12/2 19:11-debug:"[[Executor]] Module \"project:///assets/Scripts/Game/Popup/PopupManager.js\" loaded."
2020/12/2 19:11-debug:"[[Executor]] Register LoadAnimation"
2020/12/2 19:11-debug:"[[Executor]] Module \"project:///assets/Scripts/Common/LoadAnimation.js\" loaded."
2020/12/2 19:11-debug:"[[Executor]] Importing \"project:///assets/Scripts/Common/ServerCommon.js\"..."
2020/12/2 19:11-debug:"[[Executor]] Register SourceManager"
2020/12/2 19:11-debug:"[[Executor]] Module \"project:///assets/Scripts/Common/SourceManager.js\" loaded."
2020/12/2 19:11-debug:"[[Executor]] Module \"project:///assets/Scripts/Game/GameCommon/RoundType.js\" loaded."
2020/12/2 19:11-debug:"[[Executor]] Register MainSceneUI"
2020/12/2 19:11-debug:"[[Executor]] Module \"project:///assets/Scripts/Game/GameCommon/UI/MainSceneUI.js\" loaded."
2020/12/2 19:11-debug:"[[Executor]] Module \"project:///assets/Scripts/Utils/MKMessageType.js\" loaded."
2020/12/2 19:11-debug:"[[Executor]] Module \"project:///assets/Scripts/Utils/MKResourcesManager.js\" loaded."
2020/12/2 19:11-debug:"[[Executor]] Register ServerCommon"
2020/12/2 19:11-debug:"[[Executor]] Module \"project:///assets/Scripts/Common/ServerCommon.js\" loaded."
2020/12/2 19:11-debug:"[[Executor]] Importing \"project:///assets/Scripts/Common/Silence.js\"..."
2020/12/2 19:11-debug:"[[Executor]] Register Silence"
2020/12/2 19:11-debug:"[[Executor]] Module \"project:///assets/Scripts/Common/Silence.js\" loaded."
2020/12/2 19:11-debug:"[[Executor]] Importing \"project:///assets/Scripts/Common/SourceManager.js\"..."
2020/12/2 19:11-debug:"[[Executor]] Importing \"project:///assets/Scripts/Common/UIAnimation.js\"..."
2020/12/2 19:11-debug:"[[Executor]] Register UIAnimation"
2020/12/2 19:11-debug:"[[Executor]] Module \"project:///assets/Scripts/Common/UIAnimation.js\" loaded."
2020/12/2 19:11-debug:"[[Executor]] Importing \"project:///assets/Scripts/Common/noSleep.js\"..."
2020/12/2 19:11-debug:"[[Executor]] Importing \"project:///assets/Scripts/Game/Algorithm/MathAlgorithm.js\"..."
2020/12/2 19:11-debug:"[[Executor]] Module \"project:///assets/Scripts/Game/GameCommon/Ball/BallType.js\" loaded."
2020/12/2 19:11-debug:"[[Executor]] Register Player"
2020/12/2 19:11-debug:"[[Executor]] Module \"project:///assets/Scripts/Game/GameCommon/Player.js\" loaded."
2020/12/2 19:11-debug:"[[Executor]] Register GameSceneUI"
2020/12/2 19:11-debug:"[[Executor]] Module \"project:///assets/Scripts/Game/GameCommon/UI/GameSceneUI.js\" loaded."
2020/12/2 19:11-debug:"[[Executor]] Register PlayerController"
2020/12/2 19:11-debug:"[[Executor]] Module \"project:///assets/Scripts/Game/GameCommon/UI/PlayerController.js\" loaded."
2020/12/2 19:11-debug:"[[Executor]] Register RobotController"
2020/12/2 19:11-debug:"[[Executor]] Module \"project:///assets/Scripts/Game/GameCommon/RobotController.js\" loaded."
2020/12/2 19:11-debug:"[[Executor]] Register GameSceneManager"
2020/12/2 19:11-debug:"[[Executor]] Module \"project:///assets/Scripts/Game/GameCommon/GameSceneManager.js\" loaded."
2020/12/2 19:11-debug:"[[Executor]] Register Ball"
2020/12/2 19:11-debug:"[[Executor]] Module \"project:///assets/Scripts/Game/GameCommon/Ball/Ball.js\" loaded."
2020/12/2 19:11-debug:"[[Executor]] Register RackManager"
2020/12/2 19:11-debug:"[[Executor]] Module \"project:///assets/Scripts/Game/GameCommon/Ball/RackManager.js\" loaded."
2020/12/2 19:11-debug:"[[Executor]] Register WhiteBall"
2020/12/2 19:11-debug:"[[Executor]] Module \"project:///assets/Scripts/Game/GameCommon/Ball/WhiteBall.js\" loaded."
2020/12/2 19:11-debug:"[[Executor]] Register BallManager"
2020/12/2 19:11-debug:"[[Executor]] Module \"project:///assets/Scripts/Game/GameCommon/Ball/BallManager.js\" loaded."
2020/12/2 19:11-debug:"[[Executor]] Register MathAlgorithm"
2020/12/2 19:11-debug:"[[Executor]] Module \"project:///assets/Scripts/Game/Algorithm/MathAlgorithm.js\" loaded."
2020/12/2 19:11-debug:"[[Executor]] Importing \"project:///assets/Scripts/Game/GameCommon/Ball/Ball.js\"..."
2020/12/2 19:11-debug:"[[Executor]] Importing \"project:///assets/Scripts/Game/GameCommon/Ball/BallManager.js\"..."
2020/12/2 19:11-debug:"[[Executor]] Importing \"project:///assets/Scripts/Game/GameCommon/Ball/BallPhysics.js\"..."
2020/12/2 19:11-debug:"[[Executor]] Register BallPhysics"
2020/12/2 19:11-debug:"[[Executor]] Module \"project:///assets/Scripts/Game/GameCommon/Ball/BallPhysics.js\" loaded."
2020/12/2 19:11-debug:"[[Executor]] Importing \"project:///assets/Scripts/Game/GameCommon/Ball/BallType.js\"..."
2020/12/2 19:11-debug:"[[Executor]] Importing \"project:///assets/Scripts/Game/GameCommon/Ball/BlackBall.js\"..."
2020/12/2 19:11-debug:"[[Executor]] Register BlackBall"
2020/12/2 19:11-debug:"[[Executor]] Module \"project:///assets/Scripts/Game/GameCommon/Ball/BlackBall.js\" loaded."
2020/12/2 19:11-debug:"[[Executor]] Importing \"project:///assets/Scripts/Game/GameCommon/Ball/CreateBall.js\"..."
2020/12/2 19:11-debug:"[[Executor]] Register CreateBall"
2020/12/2 19:11-debug:"[[Executor]] Module \"project:///assets/Scripts/Game/GameCommon/Ball/CreateBall.js\" loaded."
2020/12/2 19:11-debug:"[[Executor]] Importing \"project:///assets/Scripts/Game/GameCommon/Ball/FollowWhiteBall.js\"..."
2020/12/2 19:11-debug:"[[Executor]] Register MyLine"
2020/12/2 19:11-debug:"[[Executor]] Module \"project:///assets/Scripts/Game/GameCommon/Ball/MyLine.js\" loaded."
2020/12/2 19:11-debug:"[[Executor]] Register PosFlower"
2020/12/2 19:11-debug:"[[Executor]] Module \"project:///assets/Scripts/Game/GameCommon/Ball/FollowWhiteBall.js\" loaded."
2020/12/2 19:11-debug:"[[Executor]] Importing \"project:///assets/Scripts/Game/GameCommon/Ball/HoleAnimation.js\"..."
2020/12/2 19:11-debug:"[[Executor]] Register HoleAnimation"
2020/12/2 19:11-debug:"[[Executor]] Module \"project:///assets/Scripts/Game/GameCommon/Ball/HoleAnimation.js\" loaded."
2020/12/2 19:11-debug:"[[Executor]] Importing \"project:///assets/Scripts/Game/GameCommon/Ball/MyLine.js\"..."
2020/12/2 19:11-debug:"[[Executor]] Importing \"project:///assets/Scripts/Game/GameCommon/Ball/OrdinaryBall.js\"..."
2020/12/2 19:11-debug:"[[Executor]] Register OrdinaryBall"
2020/12/2 19:11-debug:"[[Executor]] Module \"project:///assets/Scripts/Game/GameCommon/Ball/OrdinaryBall.js\" loaded."
2020/12/2 19:11-debug:"[[Executor]] Importing \"project:///assets/Scripts/Game/GameCommon/Ball/RackManager.js\"..."
2020/12/2 19:11-debug:"[[Executor]] Importing \"project:///assets/Scripts/Game/GameCommon/Ball/WhiteBall.js\"..."
2020/12/2 19:11-debug:"[[Executor]] Importing \"project:///assets/Scripts/Game/GameCommon/GameSceneManager.js\"..."
2020/12/2 19:11-debug:"[[Executor]] Importing \"project:///assets/Scripts/Game/GameCommon/Player.js\"..."
2020/12/2 19:11-debug:"[[Executor]] Importing \"project:///assets/Scripts/Game/GameCommon/RobotController.js\"..."
2020/12/2 19:11-debug:"[[Executor]] Importing \"project:///assets/Scripts/Game/GameCommon/RoundType.js\"..."
2020/12/2 19:11-debug:"[[Executor]] Importing \"project:///assets/Scripts/Game/GameCommon/TipTextInGame.js\"..."
2020/12/2 19:11-debug:"[[Executor]] Register TipTextInGame"
2020/12/2 19:11-debug:"[[Executor]] Module \"project:///assets/Scripts/Game/GameCommon/TipTextInGame.js\" loaded."
2020/12/2 19:11-debug:"[[Executor]] Importing \"project:///assets/Scripts/Game/GameCommon/UI/ExitBtn.js\"..."
2020/12/2 19:11-debug:"[[Executor]] Register ExitBtn"
2020/12/2 19:11-debug:"[[Executor]] Module \"project:///assets/Scripts/Game/GameCommon/UI/ExitBtn.js\" loaded."
2020/12/2 19:11-debug:"[[Executor]] Importing \"project:///assets/Scripts/Game/GameCommon/UI/GameSceneUI.js\"..."
2020/12/2 19:11-debug:"[[Executor]] Importing \"project:///assets/Scripts/Game/GameCommon/UI/MainSceneUI.js\"..."
2020/12/2 19:11-debug:"[[Executor]] Importing \"project:///assets/Scripts/Game/GameCommon/UI/PlayerController.js\"..."
2020/12/2 19:11-debug:"[[Executor]] Importing \"project:///assets/Scripts/Game/GameData.js\"..."
2020/12/2 19:11-debug:"[[Executor]] Importing \"project:///assets/Scripts/Game/Popup/LosePopup.js\"..."
2020/12/2 19:11-debug:"[[Executor]] Register LosePopup"
2020/12/2 19:11-debug:"[[Executor]] Module \"project:///assets/Scripts/Game/Popup/LosePopup.js\" loaded."
2020/12/2 19:11-debug:"[[Executor]] Importing \"project:///assets/Scripts/Game/Popup/MatchingPopup.js\"..."
2020/12/2 19:11-debug:"[[Executor]] Register MatchingPopup"
2020/12/2 19:11-debug:"[[Executor]] Module \"project:///assets/Scripts/Game/Popup/MatchingPopup.js\" loaded."
2020/12/2 19:11-debug:"[[Executor]] Importing \"project:///assets/Scripts/Game/Popup/Popup.js\"..."
2020/12/2 19:11-debug:"[[Executor]] Importing \"project:///assets/Scripts/Game/Popup/PopupManager.js\"..."
2020/12/2 19:11-debug:"[[Executor]] Importing \"project:///assets/Scripts/Game/Popup/SettlementPopup.js\"..."
2020/12/2 19:11-debug:"[[Executor]] Register SettlemenyPopup"
2020/12/2 19:11-debug:"[[Executor]] Module \"project:///assets/Scripts/Game/Popup/SettlementPopup.js\" loaded."
2020/12/2 19:11-debug:"[[Executor]] Importing \"project:///assets/Scripts/Game/Popup/TipPopup.js\"..."
2020/12/2 19:11-debug:"[[Executor]] Register TipPopup"
2020/12/2 19:11-debug:"[[Executor]] Module \"project:///assets/Scripts/Game/Popup/TipPopup.js\" loaded."
2020/12/2 19:11-debug:"[[Executor]] Importing \"project:///assets/Scripts/Game/Popup/WinPopup.js\"..."
2020/12/2 19:11-debug:"[[Executor]] Register WinPopup"
2020/12/2 19:11-debug:"[[Executor]] Module \"project:///assets/Scripts/Game/Popup/WinPopup.js\" loaded."
2020/12/2 19:11-debug:"[[Executor]] Importing \"project:///assets/Scripts/Game/Test.js\"..."
2020/12/2 19:11-debug:"[[Executor]] Register Test"
2020/12/2 19:11-debug:"[[Executor]] Module \"project:///assets/Scripts/Game/Test.js\" loaded."
2020/12/2 19:11-debug:"[[Executor]] Importing \"project:///assets/Scripts/Utils/GlobalGameData.js\"..."
2020/12/2 19:11-debug:"[[Executor]] Importing \"project:///assets/Scripts/Utils/MKEventDispatch.js\"..."
2020/12/2 19:11-debug:"[[Executor]] Importing \"project:///assets/Scripts/Utils/MKMessageManager.js\"..."
2020/12/2 19:11-debug:"[[Executor]] Importing \"project:///assets/Scripts/Utils/MKMessageType.js\"..."
2020/12/2 19:11-debug:"[[Executor]] Importing \"project:///assets/Scripts/Utils/MKResourcesManager.js\"..."
2020/12/2 19:11-debug:"[[Executor]] Importing \"project:///assets/Scripts/Utils/MKSound.js\"..."
2020/12/2 19:11-debug:"[[Executor]] Importing \"project:///assets/Scripts/Utils/NDBTS.js\"..."
2020/12/2 19:11-debug:"[[Executor]] Importing \"project:///assets/Scripts/Utils/stopPropagation.js\"..."
2020/12/2 19:11-debug:"[[Executor]] Register stopPropagation"
2020/12/2 19:11-debug:"[[Executor]] Module \"project:///assets/Scripts/Utils/stopPropagation.js\" loaded."
2020/12/2 19:11-log:"// ---- 查询使用的资源以及资源包配置 ----"
2020/12/2 19:11-debug:"Number of scenes: 2"
2020/12/2 19:11-debug:"Number of assets: 519"
2020/12/2 19:11-debug:"Number of asset group: 0"
2020/12/2 19:11-log:"// ---- 整理脚本分组与脚本数据 ----"
2020/12/2 19:11-debug:"sort script group..."
2020/12/2 19:11-log:"// ---- 整理纹理压缩任务 ----"
2020/12/2 19:11-debug:"Number of image-compress task: 0"
2020/12/2 19:11-log:"// ---- 初步划分 json 合并分组 ----"
2020/12/2 19:11-debug:"Number of json group: 31"
2020/12/2 19:11-log:"// ---- 整理合并压缩 Texture2D 的 json 数据 ----"
2020/12/2 19:11-debug:"Sort asset group of cc.Texture2D: 147"
2020/12/2 19:11-log:"// ---- 打包脚本 ----"
2020/12/2 19:11-debug:"Script package(null) has script：45/0(Project/Plugin)"
2020/12/2 19:11-debug:"Build project success!"
2020/12/2 19:11-warn:"Browserslist: caniuse-lite is outdated. Please run the following command: `npx browserslist --update-db`"
2020/12/2 19:11-warn:"[[Build.Script.Rollup]] Circular dependency: Users/mac/Desktop/Projects/git/CocosGames/8BallDemo/assets/Scripts/Utils/NDBTS.ts -> Users/mac/Desktop/Projects/git/CocosGames/8BallDemo/assets/Scripts/Utils/MKMessageManager.ts -> Users/mac/Desktop/Projects/git/CocosGames/8BallDemo/assets/Scripts/Utils/NDBTS.ts"
2020/12/2 19:11-warn:"[[Build.Script.Rollup]] Circular dependency: Users/mac/Desktop/Projects/git/CocosGames/8BallDemo/assets/Scripts/Common/ServerCommon.ts -> Users/mac/Desktop/Projects/git/CocosGames/8BallDemo/assets/Scripts/Game/GameCommon/UI/MainSceneUI.ts -> Users/mac/Desktop/Projects/git/CocosGames/8BallDemo/assets/Scripts/Common/ServerCommon.ts"
2020/12/2 19:11-warn:"[[Build.Script.Rollup]] Circular dependency: Users/mac/Desktop/Projects/git/CocosGames/8BallDemo/assets/Scripts/Game/Algorithm/MathAlgorithm.ts -> Users/mac/Desktop/Projects/git/CocosGames/8BallDemo/assets/Scripts/Game/GameCommon/Ball/BallManager.ts -> Users/mac/Desktop/Projects/git/CocosGames/8BallDemo/assets/Scripts/Game/Algorithm/MathAlgorithm.ts"
2020/12/2 19:11-warn:"[[Build.Script.Rollup]] Circular dependency: Users/mac/Desktop/Projects/git/CocosGames/8BallDemo/assets/Scripts/Game/GameCommon/Ball/BallManager.ts -> Users/mac/Desktop/Projects/git/CocosGames/8BallDemo/assets/Scripts/Game/GameCommon/GameSceneManager.ts -> Users/mac/Desktop/Projects/git/CocosGames/8BallDemo/assets/Scripts/Game/GameCommon/Ball/BallManager.ts"
2020/12/2 19:11-warn:"[[Build.Script.Rollup]] Circular dependency: Users/mac/Desktop/Projects/git/CocosGames/8BallDemo/assets/Scripts/Game/Algorithm/MathAlgorithm.ts -> Users/mac/Desktop/Projects/git/CocosGames/8BallDemo/assets/Scripts/Game/GameCommon/Ball/BallManager.ts -> Users/mac/Desktop/Projects/git/CocosGames/8BallDemo/assets/Scripts/Game/GameCommon/GameSceneManager.ts -> Users/mac/Desktop/Projects/git/CocosGames/8BallDemo/assets/Scripts/Game/GameCommon/RobotController.ts -> Users/mac/Desktop/Projects/git/CocosGames/8BallDemo/assets/Scripts/Game/Algorithm/MathAlgorithm.ts"
2020/12/2 19:11-warn:"[[Build.Script.Rollup]] Circular dependency: Users/mac/Desktop/Projects/git/CocosGames/8BallDemo/assets/Scripts/Game/GameCommon/Ball/BallManager.ts -> Users/mac/Desktop/Projects/git/CocosGames/8BallDemo/assets/Scripts/Game/GameCommon/GameSceneManager.ts -> Users/mac/Desktop/Projects/git/CocosGames/8BallDemo/assets/Scripts/Game/GameCommon/RobotController.ts -> Users/mac/Desktop/Projects/git/CocosGames/8BallDemo/assets/Scripts/Game/GameCommon/Ball/BallManager.ts"
2020/12/2 19:11-warn:"[[Build.Script.Rollup]] Circular dependency: Users/mac/Desktop/Projects/git/CocosGames/8BallDemo/assets/Scripts/Game/GameCommon/GameSceneManager.ts -> Users/mac/Desktop/Projects/git/CocosGames/8BallDemo/assets/Scripts/Game/GameCommon/RobotController.ts -> Users/mac/Desktop/Projects/git/CocosGames/8BallDemo/assets/Scripts/Game/GameCommon/GameSceneManager.ts"
2020/12/2 19:11-warn:"[[Build.Script.Rollup]] Circular dependency: Users/mac/Desktop/Projects/git/CocosGames/8BallDemo/assets/Scripts/Game/GameCommon/Ball/BallManager.ts -> Users/mac/Desktop/Projects/git/CocosGames/8BallDemo/assets/Scripts/Game/GameCommon/GameSceneManager.ts -> Users/mac/Desktop/Projects/git/CocosGames/8BallDemo/assets/Scripts/Game/GameCommon/RobotController.ts -> Users/mac/Desktop/Projects/git/CocosGames/8BallDemo/assets/Scripts/Game/GameCommon/UI/GameSceneUI.ts -> Users/mac/Desktop/Projects/git/CocosGames/8BallDemo/assets/Scripts/Game/GameCommon/Ball/BallManager.ts"
2020/12/2 19:11-warn:"[[Build.Script.Rollup]] Circular dependency: Users/mac/Desktop/Projects/git/CocosGames/8BallDemo/assets/Scripts/Game/GameCommon/GameSceneManager.ts -> Users/mac/Desktop/Projects/git/CocosGames/8BallDemo/assets/Scripts/Game/GameCommon/RobotController.ts -> Users/mac/Desktop/Projects/git/CocosGames/8BallDemo/assets/Scripts/Game/GameCommon/UI/GameSceneUI.ts -> Users/mac/Desktop/Projects/git/CocosGames/8BallDemo/assets/Scripts/Game/GameCommon/GameSceneManager.ts"
2020/12/2 19:11-warn:"[[Build.Script.Rollup]] Circular dependency: Users/mac/Desktop/Projects/git/CocosGames/8BallDemo/assets/Scripts/Game/GameCommon/Ball/BallManager.ts -> Users/mac/Desktop/Projects/git/CocosGames/8BallDemo/assets/Scripts/Game/GameCommon/GameSceneManager.ts -> Users/mac/Desktop/Projects/git/CocosGames/8BallDemo/assets/Scripts/Game/GameCommon/RobotController.ts -> Users/mac/Desktop/Projects/git/CocosGames/8BallDemo/assets/Scripts/Game/GameCommon/UI/PlayerController.ts -> Users/mac/Desktop/Projects/git/CocosGames/8BallDemo/assets/Scripts/Game/GameCommon/Ball/BallManager.ts"
2020/12/2 19:11-warn:"[[Build.Script.Rollup]] Circular dependency: Users/mac/Desktop/Projects/git/CocosGames/8BallDemo/assets/Scripts/Game/GameCommon/GameSceneManager.ts -> Users/mac/Desktop/Projects/git/CocosGames/8BallDemo/assets/Scripts/Game/GameCommon/RobotController.ts -> Users/mac/Desktop/Projects/git/CocosGames/8BallDemo/assets/Scripts/Game/GameCommon/UI/PlayerController.ts -> Users/mac/Desktop/Projects/git/CocosGames/8BallDemo/assets/Scripts/Game/GameCommon/GameSceneManager.ts"
2020/12/2 19:11-warn:"[[Build.Script.Rollup]] Circular dependency: Users/mac/Desktop/Projects/git/CocosGames/8BallDemo/assets/Scripts/Game/GameCommon/Ball/BallManager.ts -> Users/mac/Desktop/Projects/git/CocosGames/8BallDemo/assets/Scripts/Game/GameCommon/Ball/WhiteBall.ts -> Users/mac/Desktop/Projects/git/CocosGames/8BallDemo/assets/Scripts/Game/GameCommon/Ball/BallManager.ts"
2020/12/2 19:11-debug:"Copy externalScripts success!"
2020/12/2 19:11-warn:"Browserslist: caniuse-lite is outdated. Please run:\nnpx browserslist@latest --update-db"
2020/12/2 19:12-warn:"If you do not supply \"output.name\", you may not be able to access the exports of an IIFE bundle."
2020/12/2 19:12-log:"// ---- 构建自动图集 ----"
2020/12/2 19:12-log:"// ---- 图片拷贝压缩任务 ----"
2020/12/2 19:12-log:"// ---- 将资源拷贝到指定位置 ----"
2020/12/2 19:12-log:"// ---- 将分组后的 json 与散文件构建到指定位置 ----"
2020/12/2 19:12-debug:"Json group(0) compile success，json number: 75"
2020/12/2 19:12-debug:"Json group(1) compile success，json number: 2"
2020/12/2 19:12-debug:"Json group(2) compile success，json number: 2"
2020/12/2 19:12-debug:"Json group(3) compile success，json number: 8"
2020/12/2 19:12-debug:"Json group(4) compile success，json number: 2"
2020/12/2 19:12-debug:"Json group(5) compile success，json number: 2"
2020/12/2 19:12-debug:"Json group(6) compile success，json number: 2"
2020/12/2 19:12-debug:"Json group(7) compile success，json number: 2"
2020/12/2 19:12-debug:"Json group(8) compile success，json number: 2"
2020/12/2 19:12-debug:"Json group(9) compile success，json number: 2"
2020/12/2 19:12-debug:"Json group(10) compile success，json number: 2"
2020/12/2 19:12-debug:"Json group(11) compile success，json number: 2"
2020/12/2 19:12-debug:"Json group(12) compile success，json number: 2"
2020/12/2 19:12-debug:"Json group(13) compile success，json number: 2"
2020/12/2 19:12-debug:"Json group(14) compile success，json number: 2"
2020/12/2 19:12-debug:"Json group(15) compile success，json number: 2"
2020/12/2 19:12-debug:"Json group(16) compile success，json number: 2"
2020/12/2 19:12-debug:"Json group(18) compile success，json number: 14"
2020/12/2 19:12-debug:"Json group(20) compile success，json number: 15"
2020/12/2 19:12-debug:"Json group(21) compile success，json number: 8"
2020/12/2 19:12-debug:"Json group(24) compile success，json number: 3"
2020/12/2 19:12-debug:"Json group(25) compile success，json number: 7"
2020/12/2 19:12-debug:"Json group(26) compile success，json number: 3"
2020/12/2 19:12-debug:"Json group(start-scene) compile success，json number: 115"
2020/12/2 19:12-log:"// ---- 构建引擎 ----"
2020/12/2 19:12-debug:"Use cache engine: {link(/var/folders/0g/2qt7mmyn00l8xrhbw4p0rjyc0000gn/T/CocosCreator3D/1.2.0/builder/engine/b0eeefbcaef3a1089cdad5b59bb022ef)}"
2020/12/2 19:12-debug:{"debug":false,"sourceMaps":false,"includeModules":["base","gfx-webgl","gfx-webgl2","ui","particle","physics-cannon","physics-framework","audio","tween","terrain"],"engineVersion":"1.2.0","platform":"HTML5","md5Map":["debug","sourceMaps","includeModules","engineVersion","platform","split","ammoJsWasm","entry"],"engineName":"cocos3d-js","useCache":true,"split":true,"ammoJsWasm":"fallback","entry":"/Applications/CocosCreator/Creator3D/1.2.0/CocosCreator3D.app/Contents/Resources/resources/3d/engine"}
2020/12/2 19:12-log:"// ---- 给所有的资源加上 md5 后缀 ----"
2020/12/2 19:12-debug:"add suffix to assets(345) success!"
2020/12/2 19:12-log:"// ---- build_import_map ----"
2020/12/2 19:12-debug:"tasks.settings.macro is not defined in 1i8n"
2020/12/2 19:12-log:"// ---- tasks.settings.macro ----"
2020/12/2 19:12-log:"// ---- 使用缓存 settings ----"
2020/12/2 19:12-log:"// ---- custom joint texture layouts ----"
2020/12/2 19:12-log:"// ---- custom joint physics ----"
2020/12/2 19:12-log:"// ---- 填充脚本数据到 settings ----"
2020/12/2 19:12-log:"// ---- 填充场景数据到 settings ----"
2020/12/2 19:12-log:"// ---- 整理 assets 分组，生成 packedAssets 以及 rawAssets 数据 ----"
2020/12/2 19:12-log:"// ---- 从 suffixMap 生成 md5AssetsMap 到 settings ----"
2020/12/2 19:12-debug:"// ---- web-mobile:(onBeforeCompressSettings) ----"
2020/12/2 19:12-debug:"Use build-template {link(/Users/mac/Desktop/Projects/git/CocosGames/8BallDemo/build-templates/web-mobile)}."
2020/12/2 19:12-debug:"// ---- web-mobile:(onBeforeCompressSettings) success ----"
2020/12/2 19:12-log:"// ---- 整理静态模板文件 ----"
