2020-12-16 10:40:48-log: [Package] menu@1.0.0 enable
2020-12-16 10:40:48-log: [Package] profile@1.0.0 enable
2020-12-16 10:40:48-log: [Package] messages@1.0.0 enable
2020-12-16 10:40:48-log: [Package] program@1.0.0 enable
2020-12-16 10:40:48-log: [Package] device@1.0.1 enable
2020-12-16 10:40:48-log: [Package] ui-kit@1.0.0 enable
2020-12-16 10:40:48-log: [Package] tester@1.0.0 enable
2020-12-16 10:40:48-log: [Package] preferences@1.0.0 enable
2020-12-16 10:40:49-log: Setup mods mgr.: 691.445ms
2020-12-16 10:40:49-log: [Package] engine@1.0.3 enable
2020-12-16 10:40:49-log: [Package] asset-db@1.0.0 enable
2020-12-16 10:40:49-log: [Package] console@1.0.0 enable
2020-12-16 10:40:49-log: [Package] scene@1.0.0 enable
2020-12-16 10:40:49-log: [Package] extension@3.0.0 enable
2020-12-16 10:40:49-log: [Package] project@1.0.1 enable
2020-12-16 10:40:49-log: [Package] about@1.0.0 enable
2020-12-16 10:40:50-log: [Package] server@1.0.0 enable
2020-12-16 10:40:50-warn: Server: Port 7456 is occupied
2020-12-16 10:40:50-log: [Package] utils@1.0.0 enable
2020-12-16 10:40:50-log: [Package] assets@1.0.0 enable
